12:17:15 **** Incremental Build of configuration Default for project lab_8 ****
make all 
Info: Building ../usb_kb_bsp/
C:/altera/15.0/nios2eds/bin/gnu/H-x86_64-mingw32/bin/make --no-print-directory -C ../usb_kb_bsp/
[BSP build complete]
Info: Compiling main.c to obj/default/main.o
nios2-elf-gcc -xc -MP -MMD -c -I../usb_kb_bsp//HAL/inc -I../usb_kb_bsp/ -I../usb_kb_bsp//drivers/inc  -DSYSTEM_BUS_WIDTH=32 -pipe -D__hal__ -DALT_NO_INSTRUCTION_EMULATION -DALT_SINGLE_THREADED    -O0 -g -Wall   -mno-hw-div -mno-hw-mul -mno-hw-mulx  -o obj/default/main.o main.c
Info: Linking usb_kb.elf
nios2-elf-g++  -T'../usb_kb_bsp//linker.x' -msys-crt0='../usb_kb_bsp//obj/HAL/src/crt0.o' -msys-lib=hal_bsp -L../usb_kb_bsp/   -Wl,-Map=usb_kb.map   -O0 -g -Wall   -mno-hw-div -mno-hw-mul -mno-hw-mulx  -o usb_kb.elf obj/default/HAL/src/alt_alarm_start.o obj/default/HAL/src/alt_busy_sleep.o obj/default/HAL/src/alt_close.o obj/default/HAL/src/alt_dcache_flush.o obj/default/HAL/src/alt_dcache_flush_all.o obj/default/HAL/src/alt_dcache_flush_no_writeback.o obj/default/HAL/src/alt_dev.o obj/default/HAL/src/alt_dev_llist_insert.o obj/default/HAL/src/alt_dma_rxchan_open.o obj/default/HAL/src/alt_dma_txchan_open.o obj/default/HAL/src/alt_do_ctors.o obj/default/HAL/src/alt_do_dtors.o obj/default/HAL/src/alt_ecc_fatal_exception.o obj/default/HAL/src/alt_env_lock.o obj/default/HAL/src/alt_environ.o obj/default/HAL/src/alt_errno.o obj/default/HAL/src/alt_execve.o obj/default/HAL/src/alt_exit.o obj/default/HAL/src/alt_fcntl.o obj/default/HAL/src/alt_fd_lock.o obj/default/HAL/src/alt_fd_unlock.o obj/default/HAL/src/alt_find_dev.o obj/default/HAL/src/alt_find_file.o obj/default/HAL/src/alt_flash_dev.o obj/default/HAL/src/alt_fork.o obj/default/HAL/src/alt_fs_reg.o obj/default/HAL/src/alt_fstat.o obj/default/HAL/src/alt_get_fd.o obj/default/HAL/src/alt_getchar.o obj/default/HAL/src/alt_getpid.o obj/default/HAL/src/alt_gettod.o obj/default/HAL/src/alt_gmon.o obj/default/HAL/src/alt_icache_flush.o obj/default/HAL/src/alt_icache_flush_all.o obj/default/HAL/src/alt_iic.o obj/default/HAL/src/alt_iic_isr_register.o obj/default/HAL/src/alt_instruction_exception_entry.o obj/default/HAL/src/alt_instruction_exception_register.o obj/default/HAL/src/alt_io_redirect.o obj/default/HAL/src/alt_ioctl.o obj/default/HAL/src/alt_irq_handler.o obj/default/HAL/src/alt_irq_register.o obj/default/HAL/src/alt_irq_vars.o obj/default/HAL/src/alt_isatty.o obj/default/HAL/src/alt_kill.o obj/default/HAL/src/alt_link.o obj/default/HAL/src/alt_load.o obj/default/HAL/src/alt_log_printf.o obj/default/HAL/src/alt_lseek.o obj/default/HAL/src/alt_main.o obj/default/HAL/src/alt_malloc_lock.o obj/default/HAL/src/alt_open.o obj/default/HAL/src/alt_printf.o obj/default/HAL/src/alt_putchar.o obj/default/HAL/src/alt_putstr.o obj/default/HAL/src/alt_read.o obj/default/HAL/src/alt_release_fd.o obj/default/HAL/src/alt_remap_cached.o obj/default/HAL/src/alt_remap_uncached.o obj/default/HAL/src/alt_rename.o obj/default/HAL/src/alt_sbrk.o obj/default/HAL/src/alt_settod.o obj/default/HAL/src/alt_stat.o obj/default/HAL/src/alt_tick.o obj/default/HAL/src/alt_times.o obj/default/HAL/src/alt_uncached_free.o obj/default/HAL/src/alt_uncached_malloc.o obj/default/HAL/src/alt_unlink.o obj/default/HAL/src/alt_usleep.o obj/default/HAL/src/alt_wait.o obj/default/HAL/src/alt_write.o obj/default/HAL/src/altera_nios2_qsys_irq.o obj/default/io_handler.o obj/default/main.o obj/default/usb.o obj/default/HAL/src/alt_ecc_fatal_entry.o obj/default/HAL/src/alt_exception_entry.o obj/default/HAL/src/alt_exception_muldiv.o obj/default/HAL/src/alt_exception_trap.o obj/default/HAL/src/alt_irq_entry.o obj/default/HAL/src/alt_log_macro.o obj/default/HAL/src/alt_mcount.o obj/default/HAL/src/alt_software_exception.o obj/default/HAL/src/crt0.o -lm 
obj/default/HAL/src/crt0.o: In function `__reset':
C:\Users\Jeremy\MEGA\Dropbox\School\Illinois\fa2016\ece385\lab8\software\lab_8/HAL/src/crt0.S:193: multiple definition of `__reset'
../usb_kb_bsp//obj/HAL/src/crt0.o:C:\Users\Jeremy\MEGA\Dropbox\School\Illinois\fa2016\ece385\lab8\software\usb_kb_bsp/HAL/src/crt0.S:193: first defined here
c:/altera/15.0/nios2eds/bin/gnu/h-x86_64-mingw32/bin/../lib/gcc/nios2-elf/4.9.1/../../../../../H-x86_64-mingw32/nios2-elf/bin/ld.exe: Disabling relaxation: it will not work with multiple definitions
obj/default/HAL/src/crt0.o: In function `_start':
C:\Users\Jeremy\MEGA\Dropbox\School\Illinois\fa2016\ece385\lab8\software\lab_8/HAL/src/crt0.S:301: multiple definition of `_start'
../usb_kb_bsp//obj/HAL/src/crt0.o:C:\Users\Jeremy\MEGA\Dropbox\School\Illinois\fa2016\ece385\lab8\software\usb_kb_bsp/HAL/src/crt0.S:301: first defined here
c:/altera/15.0/nios2eds/bin/gnu/h-x86_64-mingw32/bin/../lib/gcc/nios2-elf/4.9.1/../../../../../H-x86_64-mingw32/nios2-elf/bin/ld.exe: usb_kb.elf section `.entry' will not fit in region `reset'
c:/altera/15.0/nios2eds/bin/gnu/h-x86_64-mingw32/bin/../lib/gcc/nios2-elf/4.9.1/../../../../../H-x86_64-mingw32/nios2-elf/bin/ld.exe: section .exceptions loaded at [0000000004000020,00000000040003b7] overlaps section .entry loaded at [0000000004000000,000000000400003f]
c:/altera/15.0/nios2eds/bin/gnu/h-x86_64-mingw32/bin/../lib/gcc/nios2-elf/4.9.1/../../../../../H-x86_64-mingw32/nios2-elf/bin/ld.exe: region `reset' overflowed by 32 bytes
collect2.exe: error: ld returned 1 exit status
make: *** [usb_kb.elf] Error 1

12:17:20 Build Finished (took 4s.439ms)

